Using pre-set license
Built from '2020.3/staging' branch; Version is '2020.3.0f1 (c7b5465681fb) revision 13088070'; Using compiler version '192528614'; Build Type 'Release'
OS: 'Windows 10 Education; OS build 15063.2108; Version 1703; 64bit' Language: 'sr' Physical Memory: 16342 MB
BatchMode: 1, IsHumanControllingUs: 0, StartBugReporterOnCrash: 0, Is64bit: 1, IsPro: 0

 COMMAND LINE ARGUMENTS:
C:\Program Files\Unity\Hub\Editor\2020.3.0f1\Editor\Unity.exe
-adb2
-batchMode
-noUpm
-name
AssetImportWorker0
-projectPath
H:/UnityProjekt/Projekt
-logFile
Logs/AssetImportWorker0.log
-srvPort
2309
Successfully changed project path to: H:/UnityProjekt/Projekt
H:/UnityProjekt/Projekt
Using Asset Import Pipeline V2.
Refreshing native plugins compatible for Editor in 181.53 ms, found 6 plugins.
Preloading 0 native plugins for Editor in 0.00 ms.
Initialize engine version: 2020.3.0f1 (c7b5465681fb)
[Subsystems] Discovering subsystems at path C:/Program Files/Unity/Hub/Editor/2020.3.0f1/Editor/Data/Resources/UnitySubsystems
[Subsystems] Discovering subsystems at path H:/UnityProjekt/Projekt/Assets
GfxDevice: creating device client; threaded=0
Direct3D:
    Version:  Direct3D 11.0 [level 11.1]
    Renderer: NVIDIA GeForce GTX 970 (ID=0x13c2)
    Vendor:   
    VRAM:     4043 MB
    Driver:   26.21.14.4614
Initialize mono
Mono path[0] = 'C:/Program Files/Unity/Hub/Editor/2020.3.0f1/Editor/Data/Managed'
Mono path[1] = 'C:/Program Files/Unity/Hub/Editor/2020.3.0f1/Editor/Data/MonoBleedingEdge/lib/mono/unityjit'
Mono config path = 'C:/Program Files/Unity/Hub/Editor/2020.3.0f1/Editor/Data/MonoBleedingEdge/etc'
Using monoOptions --debugger-agent=transport=dt_socket,embedding=1,server=y,suspend=n,address=127.0.0.1:56272
Begin MonoManager ReloadAssembly
Registering precompiled unity dll's ...
Register platform support module: C:/Program Files/Unity/Hub/Editor/2020.3.0f1/Editor/Data/PlaybackEngines/WindowsStandaloneSupport/UnityEditor.WindowsStandalone.Extensions.dll
Registered in 0.002822 seconds.
Native extension for WindowsStandalone target not found
Refreshing native plugins compatible for Editor in 121.78 ms, found 6 plugins.
Preloading 0 native plugins for Editor in 0.00 ms.
Invoked RoslynAnalysisRunner static constructor.
RoslynAnalysisRunner will not be running.
RoslynAnalysisRunner has terminated.
Mono: successfully reloaded assembly
- Completed reload, in  3.178 seconds
Platform modules already initialized, skipping
Registering precompiled user dll's ...
Registered in 0.006634 seconds.
Begin MonoManager ReloadAssembly
Native extension for WindowsStandalone target not found
Refreshing native plugins compatible for Editor in 130.83 ms, found 6 plugins.
Preloading 0 native plugins for Editor in 0.00 ms.
Invoked RoslynAnalysisRunner static constructor.
RoslynAnalysisRunner will not be running.
RoslynAnalysisRunner has terminated.
Mono: successfully reloaded assembly
- Completed reload, in  2.754 seconds
Platform modules already initialized, skipping
========================================================================
Worker process is ready to serve import requests
Launched and connected shader compiler UnityShaderCompiler.exe after 0.15 seconds
Refreshing native plugins compatible for Editor in 0.72 ms, found 6 plugins.
Preloading 0 native plugins for Editor in 0.00 ms.
Unloading 1937 Unused Serialized files (Serialized files now loaded: 0)
System memory in use before: 103.3 MB.
System memory in use after: 103.4 MB.

Unloading 15 unused Assets to reduce memory usage. Loaded Objects now: 2403.
Total: 6.374025 ms (FindLiveObjects: 0.630415 ms CreateObjectMapping: 0.189217 ms MarkObjects: 5.439069 ms  DeleteObjects: 0.113159 ms)

========================================================================
Received Import Request.
  path: Assets/SteamVR_Input/SteamVR_Actions.asmdef
  artifactKey: Guid(12694c79f54b7894f963346e0e2d1057) Importer(815301076,1909f56bfc062723c751e8b465ee728b)
Start importing Assets/SteamVR_Input/SteamVR_Actions.asmdef using Guid(12694c79f54b7894f963346e0e2d1057) Importer(815301076,1909f56bfc062723c751e8b465ee728b)  -> (artifact id: '553b1be538db0cec1d0f0aa2f7b8a3b2') in 0.120199 seconds
  Import took 0.131066 seconds .

========================================================================
Received Import Request.
  Time since last request: 1.819090 seconds.
  path: Assets/VRKeys/Scenes/Example SceneSettings.lighting
  artifactKey: Guid(0869a6a28b48fad428e14d46e2db00c3) Importer(815301076,1909f56bfc062723c751e8b465ee728b)
Start importing Assets/VRKeys/Scenes/Example SceneSettings.lighting using Guid(0869a6a28b48fad428e14d46e2db00c3) Importer(815301076,1909f56bfc062723c751e8b465ee728b) LightingSettings: switching bake backend from 1 to 0.
 -> (artifact id: 'a9b60a951754495b3b4d1431e8b6ec7b') in 0.011571 seconds
  Import took 0.015324 seconds .

========================================================================
Received Import Request.
  Time since last request: 0.023018 seconds.
  path: Assets/VRKeys/Scenes/Example SceneSettings.lighting
  artifactKey: Guid(0869a6a28b48fad428e14d46e2db00c3) Importer(815301076,1909f56bfc062723c751e8b465ee728b)
Start importing Assets/VRKeys/Scenes/Example SceneSettings.lighting using Guid(0869a6a28b48fad428e14d46e2db00c3) Importer(815301076,1909f56bfc062723c751e8b465ee728b) LightingSettings: switching bake backend from 1 to 0.
 -> (artifact id: 'a9b60a951754495b3b4d1431e8b6ec7b') in 0.002867 seconds
  Import took 0.007330 seconds .

========================================================================
Received Import Request.
  Time since last request: 157.908607 seconds.
  path: Assets/BNG Framework/Models/BNG_Buttons.fbx
  artifactKey: Guid(5a7d15da9040a6b43b2b2e7f08ac44f0) Importer(815301076,1909f56bfc062723c751e8b465ee728b)
Start importing Assets/BNG Framework/Models/BNG_Buttons.fbx using Guid(5a7d15da9040a6b43b2b2e7f08ac44f0) Importer(815301076,1909f56bfc062723c751e8b465ee728b)  -> (artifact id: '1726faaac1603ec46eefdfbc19de4a2d') in 0.784480 seconds
  Import took 0.793749 seconds .

========================================================================
Received Import Request.
  Time since last request: 97.306156 seconds.
  path: Assets/BNG Framework/Models/LP_Cone.fbx
  artifactKey: Guid(0b9acb13e464d3e4198a10be676787f1) Importer(815301076,1909f56bfc062723c751e8b465ee728b)
Start importing Assets/BNG Framework/Models/LP_Cone.fbx using Guid(0b9acb13e464d3e4198a10be676787f1) Importer(815301076,1909f56bfc062723c751e8b465ee728b)  -> (artifact id: '826deebc355a40208e88595716967645') in 0.049108 seconds
  Import took 0.055137 seconds .

========================================================================
Received Import Request.
  Time since last request: 16.084850 seconds.
  path: Assets/BNG Framework/Prefabs/Bat 2H.prefab
  artifactKey: Guid(4d1f6770a1232804db34e20b067f2acd) Importer(815301076,1909f56bfc062723c751e8b465ee728b)
Start importing Assets/BNG Framework/Prefabs/Bat 2H.prefab using Guid(4d1f6770a1232804db34e20b067f2acd) Importer(815301076,1909f56bfc062723c751e8b465ee728b)  -> (artifact id: 'afc58b87f0a6bc7e382d8169fc712759') in 0.047916 seconds
  Import took 0.051850 seconds .

========================================================================
Received Import Request.
  Time since last request: 0.121542 seconds.
  path: Assets/BNG Framework/Prefabs/Cone.prefab
  artifactKey: Guid(38cbeeb053098fc468e4241b8dd1e8b0) Importer(815301076,1909f56bfc062723c751e8b465ee728b)
Start importing Assets/BNG Framework/Prefabs/Cone.prefab using Guid(38cbeeb053098fc468e4241b8dd1e8b0) Importer(815301076,1909f56bfc062723c751e8b465ee728b)  -> (artifact id: '5c6f11dc257f0d71bc6518e1e8431ed5') in 0.006451 seconds
  Import took 0.026408 seconds .

========================================================================
Received Import Request.
  Time since last request: 0.025199 seconds.
  path: Assets/BNG Framework/Prefabs/CrateWithItem.prefab
  artifactKey: Guid(c3261c423b4b0fe43a9287b69d34e029) Importer(815301076,1909f56bfc062723c751e8b465ee728b)
Start importing Assets/BNG Framework/Prefabs/CrateWithItem.prefab using Guid(c3261c423b4b0fe43a9287b69d34e029) Importer(815301076,1909f56bfc062723c751e8b465ee728b)  -> (artifact id: 'a1ccde6f7bfb278a1055fc677ae33814') in 0.014478 seconds
  Import took 0.040121 seconds .

========================================================================
Received Import Request.
  Time since last request: 0.279595 seconds.
  path: Assets/BNG Framework/Prefabs/Joystick.prefab
  artifactKey: Guid(e4324f2703548f24eb2562d7b849cfed) Importer(815301076,1909f56bfc062723c751e8b465ee728b)
Start importing Assets/BNG Framework/Prefabs/Joystick.prefab using Guid(e4324f2703548f24eb2562d7b849cfed) Importer(815301076,1909f56bfc062723c751e8b465ee728b)  -> (artifact id: '9d76029eaaf13acfb1786fb172283e8b') in 0.043184 seconds
  Import took 0.046708 seconds .

========================================================================
Received Import Request.
  Time since last request: 0.082972 seconds.
  path: Assets/BNG Framework/Prefabs/Lever.prefab
  artifactKey: Guid(ef468726c1414014495c05c3d6a51a11) Importer(815301076,1909f56bfc062723c751e8b465ee728b)
Start importing Assets/BNG Framework/Prefabs/Lever.prefab using Guid(ef468726c1414014495c05c3d6a51a11) Importer(815301076,1909f56bfc062723c751e8b465ee728b)  -> (artifact id: 'f590373cdebde683dfe70855fdd98b9b') in 0.038573 seconds
  Import took 0.046515 seconds .

========================================================================
Received Import Request.
  Time since last request: 0.233570 seconds.
  path: Assets/BNG Framework/Prefabs/treeSingle.prefab
  artifactKey: Guid(d9b036ac01b7a5c468c0b72bf158b579) Importer(815301076,1909f56bfc062723c751e8b465ee728b)
Start importing Assets/BNG Framework/Prefabs/treeSingle.prefab using Guid(d9b036ac01b7a5c468c0b72bf158b579) Importer(815301076,1909f56bfc062723c751e8b465ee728b)  -> (artifact id: '90f26bb78393e27250b4006d82630177') in 0.009112 seconds
  Import took 0.012881 seconds .

========================================================================
Received Import Request.
  Time since last request: 0.000257 seconds.
  path: Assets/BNG Framework/Prefabs/VehicleExample.prefab
  artifactKey: Guid(4fe64847736fa8042a9d992e31d646b4) Importer(815301076,1909f56bfc062723c751e8b465ee728b)
Start importing Assets/BNG Framework/Prefabs/VehicleExample.prefab using Guid(4fe64847736fa8042a9d992e31d646b4) Importer(815301076,1909f56bfc062723c751e8b465ee728b)  -> (artifact id: 'b21c471c86bf88addc3998bb91b3d51b') in 0.058544 seconds
  Import took 0.074989 seconds .

========================================================================
Received Import Request.
  Time since last request: 0.000369 seconds.
  path: Assets/BNG Framework/Prefabs/VehicleExample_Mini.prefab
  artifactKey: Guid(b0550f8ced5444544a791898a0382fb0) Importer(815301076,1909f56bfc062723c751e8b465ee728b)
Start importing Assets/BNG Framework/Prefabs/VehicleExample_Mini.prefab using Guid(b0550f8ced5444544a791898a0382fb0) Importer(815301076,1909f56bfc062723c751e8b465ee728b)  -> (artifact id: 'f0941cc152c1ba2737095ae14a363aad') in 0.040030 seconds
  Import took 0.046487 seconds .

========================================================================
Received Import Request.
  Time since last request: 0.005705 seconds.
  path: Assets/BNG Framework/Prefabs/VehicleExample_Mini.prefab
  artifactKey: Guid(b0550f8ced5444544a791898a0382fb0) Importer(815301076,1909f56bfc062723c751e8b465ee728b)
Start importing Assets/BNG Framework/Prefabs/VehicleExample_Mini.prefab using Guid(b0550f8ced5444544a791898a0382fb0) Importer(815301076,1909f56bfc062723c751e8b465ee728b)  -> (artifact id: 'f0941cc152c1ba2737095ae14a363aad') in 0.060785 seconds
  Import took 0.068229 seconds .

========================================================================
Received Import Request.
  Time since last request: 102.737723 seconds.
  path: Assets/BNG Framework/Prefabs/VehicleExample.prefab
  artifactKey: Guid(4fe64847736fa8042a9d992e31d646b4) Importer(815301076,1909f56bfc062723c751e8b465ee728b)
Start importing Assets/BNG Framework/Prefabs/VehicleExample.prefab using Guid(4fe64847736fa8042a9d992e31d646b4) Importer(815301076,1909f56bfc062723c751e8b465ee728b)  -> (artifact id: '2843a02bdb6f385fc826cb1b0981c5ca') in 0.074377 seconds
  Import took 0.120264 seconds .

========================================================================
Received Import Request.
  Time since last request: 0.001186 seconds.
  path: Assets/BNG Framework/Prefabs/VehicleExample_Mini.prefab
  artifactKey: Guid(b0550f8ced5444544a791898a0382fb0) Importer(815301076,1909f56bfc062723c751e8b465ee728b)
Start importing Assets/BNG Framework/Prefabs/VehicleExample_Mini.prefab using Guid(b0550f8ced5444544a791898a0382fb0) Importer(815301076,1909f56bfc062723c751e8b465ee728b)  -> (artifact id: '30c1a51facc5dbc48d016f61416e3e18') in 0.084413 seconds
  Import took 0.123367 seconds .

========================================================================
Received Import Request.
  Time since last request: 33.501441 seconds.
  path: Assets/BNG Framework/Prefabs/Weapons/Knife.prefab
  artifactKey: Guid(858d45f4977607b4b9b2a2000bdf284d) Importer(815301076,1909f56bfc062723c751e8b465ee728b)
Start importing Assets/BNG Framework/Prefabs/Weapons/Knife.prefab using Guid(858d45f4977607b4b9b2a2000bdf284d) Importer(815301076,1909f56bfc062723c751e8b465ee728b)  -> (artifact id: '4dbf2929ebf59de87cc2ae76318ae6a2') in 0.006688 seconds
  Import took 0.011862 seconds .

========================================================================
Received Prepare
Registering precompiled user dll's ...
Registered in 0.066317 seconds.
Begin MonoManager ReloadAssembly
Native extension for WindowsStandalone target not found
Refreshing native plugins compatible for Editor in 7.65 ms, found 6 plugins.
Preloading 0 native plugins for Editor in 0.00 ms.
Invoked RoslynAnalysisRunner static constructor.
RoslynAnalysisRunner will not be running.
RoslynAnalysisRunner has terminated.
Mono: successfully reloaded assembly
- Completed reload, in  3.313 seconds
Platform modules already initialized, skipping
Refreshing native plugins compatible for Editor in 0.75 ms, found 6 plugins.
Preloading 0 native plugins for Editor in 0.00 ms.
Unloading 1883 Unused Serialized files (Serialized files now loaded: 0)
System memory in use before: 104.3 MB.
System memory in use after: 104.4 MB.

Unloading 11 unused Assets to reduce memory usage. Loaded Objects now: 2452.
Total: 2.441892 ms (FindLiveObjects: 0.208077 ms CreateObjectMapping: 0.087498 ms MarkObjects: 2.069950 ms  DeleteObjects: 0.075130 ms)

========================================================================
Received Prepare
Registering precompiled user dll's ...
Registered in 0.011298 seconds.
Begin MonoManager ReloadAssembly
Native extension for WindowsStandalone target not found
Refreshing native plugins compatible for Editor in 0.78 ms, found 6 plugins.
Preloading 0 native plugins for Editor in 0.00 ms.
Invoked RoslynAnalysisRunner static constructor.
RoslynAnalysisRunner will not be running.
RoslynAnalysisRunner has terminated.
Mono: successfully reloaded assembly
- Completed reload, in  1.684 seconds
Platform modules already initialized, skipping
Refreshing native plugins compatible for Editor in 0.69 ms, found 6 plugins.
Preloading 0 native plugins for Editor in 0.00 ms.
Unloading 1883 Unused Serialized files (Serialized files now loaded: 0)
System memory in use before: 104.3 MB.
System memory in use after: 104.4 MB.

Unloading 8 unused Assets to reduce memory usage. Loaded Objects now: 2456.
Total: 10.233501 ms (FindLiveObjects: 1.226202 ms CreateObjectMapping: 0.113778 ms MarkObjects: 8.817772 ms  DeleteObjects: 0.074203 ms)

========================================================================
Received Import Request.
  Time since last request: 171.080030 seconds.
  path: Assets/BNG Framework/Materials/GridRed.mat
  artifactKey: Guid(eb4f63a1c24846549b212d7c7f64a784) Importer(815301076,1909f56bfc062723c751e8b465ee728b)
Start importing Assets/BNG Framework/Materials/GridRed.mat using Guid(eb4f63a1c24846549b212d7c7f64a784) Importer(815301076,1909f56bfc062723c751e8b465ee728b)  -> (artifact id: '4cd2cfb0dff88d1182d093a20dd82533') in 0.861172 seconds
  Import took 0.871500 seconds .

========================================================================
Received Import Request.
  Time since last request: 22.407194 seconds.
  path: Assets/BNG Framework/Integrations/FinalIK
  artifactKey: Guid(88f147765dd12ec4f86728b23cda1f48) Importer(815301076,1909f56bfc062723c751e8b465ee728b)
Start importing Assets/BNG Framework/Integrations/FinalIK using Guid(88f147765dd12ec4f86728b23cda1f48) Importer(815301076,1909f56bfc062723c751e8b465ee728b)  -> (artifact id: '0c4ca8c93cd384b9c80f35f291356423') in 0.042259 seconds
  Import took 0.113429 seconds .

AssetImportWorkerClient::OnTransportError - code=2 error=End of file
